{"C:\\Users\\cwkel\\Documents\\GitHub\\credit-card-validator\\server\\src\\controllers\\creditCardFormatController.ts": {"path":"C:\\Users\\cwkel\\Documents\\GitHub\\credit-card-validator\\server\\src\\controllers\\creditCardFormatController.ts","statementMap":{"0":{"start":{"line":1,"column":0},"end":{"line":1,"column":62}},"1":{"start":{"line":2,"column":0},"end":{"line":2,"column":66}},"2":{"start":{"line":5,"column":7},"end":{"line":11,"column":null}},"3":{"start":{"line":8,"column":34},"end":{"line":8,"column":57}},"4":{"start":{"line":9,"column":8},"end":{"line":9,"column":60}},"5":{"start":{"line":5,"column":13},"end":{"line":5,"column":39}},"6":{"start":{"line":7,"column":17},"end":{"line":10,"column":null}},"7":{"start":{"line":5,"column":13},"end":{"line":11,"column":null}}},"fnMap":{"0":{"name":"(anonymous_11)","decl":{"start":{"line":7,"column":17},"end":{"line":7,"column":28}},"loc":{"start":{"line":7,"column":52},"end":{"line":10,"column":null}}}},"branchMap":{},"s":{"0":1,"1":1,"2":1,"3":2,"4":2,"5":1,"6":1,"7":1},"f":{"0":2},"b":{}}
,"C:\\Users\\cwkel\\Documents\\GitHub\\credit-card-validator\\server\\src\\services\\creditCardService.ts": {"path":"C:\\Users\\cwkel\\Documents\\GitHub\\credit-card-validator\\server\\src\\services\\creditCardService.ts","statementMap":{"0":{"start":{"line":3,"column":28},"end":{"line":3,"column":35}},"1":{"start":{"line":5,"column":8},"end":{"line":7,"column":null}},"2":{"start":{"line":6,"column":12},"end":{"line":6,"column":25}},"3":{"start":{"line":9,"column":21},"end":{"line":9,"column":33}},"4":{"start":{"line":13,"column":8},"end":{"line":15,"column":null}},"5":{"start":{"line":14,"column":12},"end":{"line":14,"column":25}},"6":{"start":{"line":17,"column":26},"end":{"line":17,"column":27}},"7":{"start":{"line":19,"column":8},"end":{"line":36,"column":null}},"8":{"start":{"line":19,"column":21},"end":{"line":19,"column":29}},"9":{"start":{"line":21,"column":12},"end":{"line":35,"column":null}},"10":{"start":{"line":22,"column":28},"end":{"line":22,"column":46}},"11":{"start":{"line":23,"column":16},"end":{"line":23,"column":34}},"12":{"start":{"line":26,"column":16},"end":{"line":31,"column":null}},"13":{"start":{"line":27,"column":20},"end":{"line":27,"column":50}},"14":{"start":{"line":28,"column":20},"end":{"line":28,"column":38}},"15":{"start":{"line":30,"column":20},"end":{"line":30,"column":33}},"16":{"start":{"line":34,"column":16},"end":{"line":34,"column":42}},"17":{"start":{"line":39,"column":8},"end":{"line":43,"column":null}},"18":{"start":{"line":40,"column":12},"end":{"line":40,"column":24}},"19":{"start":{"line":42,"column":12},"end":{"line":42,"column":25}},"20":{"start":{"line":1,"column":0},"end":{"line":1,"column":13}}},"fnMap":{"0":{"name":"(anonymous_7)","decl":{"start":{"line":2,"column":17},"end":{"line":2,"column":35}},"loc":{"start":{"line":2,"column":49},"end":{"line":45,"column":null}}}},"branchMap":{"0":{"loc":{"start":{"line":5,"column":8},"end":{"line":7,"column":null}},"type":"if","locations":[{"start":{"line":5,"column":8},"end":{"line":7,"column":null}}]},"1":{"loc":{"start":{"line":13,"column":8},"end":{"line":15,"column":null}},"type":"if","locations":[{"start":{"line":13,"column":8},"end":{"line":15,"column":null}}]},"2":{"loc":{"start":{"line":21,"column":12},"end":{"line":35,"column":null}},"type":"if","locations":[{"start":{"line":21,"column":12},"end":{"line":35,"column":null}},{"start":{"line":33,"column":19},"end":{"line":35,"column":null}}]},"3":{"loc":{"start":{"line":26,"column":16},"end":{"line":31,"column":null}},"type":"if","locations":[{"start":{"line":26,"column":16},"end":{"line":31,"column":null}},{"start":{"line":29,"column":23},"end":{"line":31,"column":null}}]},"4":{"loc":{"start":{"line":39,"column":8},"end":{"line":43,"column":null}},"type":"if","locations":[{"start":{"line":39,"column":8},"end":{"line":43,"column":null}},{"start":{"line":41,"column":15},"end":{"line":43,"column":null}}]}},"s":{"0":3,"1":3,"2":1,"3":2,"4":2,"5":0,"6":2,"7":2,"8":2,"9":32,"10":16,"11":16,"12":16,"13":7,"14":7,"15":9,"16":16,"17":2,"18":1,"19":1,"20":2},"f":{"0":3},"b":{"0":[1],"1":[0],"2":[16,16],"3":[7,9],"4":[1,1]}}
}
