TN:
SF:src\controllers\creditCardFormatController.ts
FN:7,(anonymous_11)
FNF:1
FNH:1
FNDA:2,(anonymous_11)
DA:1,1
DA:2,1
DA:5,1
DA:7,1
DA:8,2
DA:9,2
LF:6
LH:6
BRF:0
BRH:0
end_of_record
TN:
SF:src\services\creditCardService.ts
FN:2,(anonymous_7)
FNF:1
FNH:1
FNDA:3,(anonymous_7)
DA:1,2
DA:3,3
DA:5,3
DA:6,1
DA:9,2
DA:13,2
DA:14,0
DA:17,2
DA:19,2
DA:21,32
DA:22,16
DA:23,16
DA:26,16
DA:27,7
DA:28,7
DA:30,9
DA:34,16
DA:39,2
DA:40,1
DA:42,1
LF:20
LH:19
BRDA:5,0,0,1
BRDA:13,1,0,0
BRDA:21,2,0,16
BRDA:21,2,1,16
BRDA:26,3,0,7
BRDA:26,3,1,9
BRDA:39,4,0,1
BRDA:39,4,1,1
BRF:8
BRH:7
end_of_record
